Copyright 1986-2019 Xilinx, Inc. All Rights Reserved.
---------------------------------------------------------------------------------------------------------------------------------------------------------------------------------------------------------
| Tool Version : Vivado v.2019.1 (win64) Build 2552052 Fri May 24 14:49:42 MDT 2019
| Date         : Thu Sep 24 12:01:38 2020
| Host         : DESKTOP-7QAIPHN running 64-bit major release  (build 9200)
| Command      : report_drc -file zynq_interrupt_system_3_gpios_wrapper_drc_routed.rpt -pb zynq_interrupt_system_3_gpios_wrapper_drc_routed.pb -rpx zynq_interrupt_system_3_gpios_wrapper_drc_routed.rpx
| Design       : zynq_interrupt_system_3_gpios_wrapper
| Device       : xc7z010clg400-1
| Speed File   : -1
| Design State : Fully Routed
---------------------------------------------------------------------------------------------------------------------------------------------------------------------------------------------------------

Report DRC

Table of Contents
-----------------
1. REPORT SUMMARY
2. REPORT DETAILS

1. REPORT SUMMARY
-----------------
            Netlist: netlist
          Floorplan: design_1
      Design limits: <entire design considered>
           Ruledeck: default
             Max violations: <unlimited>
             Violations found: 0
+------+----------+-------------+------------+
| Rule | Severity | Description | Violations |
+------+----------+-------------+------------+
+------+----------+-------------+------------+

2. REPORT DETAILS
-----------------

