15:40:36 INFO  : Registering command handlers for SDK TCF services
15:40:37 INFO  : Launching XSCT server: xsct.bat -interactive C:\Zynq_Book\zynq_interrupts\zynq_interrupts.sdk\temp_xsdb_launch_script.tcl
15:40:42 INFO  : XSCT server has started successfully.
15:40:43 INFO  : Successfully done setting XSCT server connection channel  
15:40:43 INFO  : Successfully done setting SDK workspace  
15:40:43 INFO  : Processing command line option -hwspec C:/Zynq_Book/zynq_interrupts/zynq_interrupts.sdk/zynq_interrupt_system_wrapper.hdf.
15:47:58 INFO  : Launching XSCT server: xsct.bat -interactive C:\Zynq_Book\zynq_interrupts\zynq_interrupts.sdk\temp_xsdb_launch_script.tcl
15:48:02 INFO  : XSCT server has started successfully.
15:48:09 INFO  : Successfully done setting XSCT server connection channel  
15:48:09 INFO  : Successfully done setting SDK workspace  
15:48:16 INFO  : Registering command handlers for SDK TCF services
15:48:17 INFO  : Processing command line option -hwspec C:/Zynq_Book/zynq_interrupts/zynq_interrupts.sdk/zynq_interrupt_system_wrapper.hdf.
15:48:18 INFO  : Checking for hwspec changes in the project zynq_interrupt_system_wrapper_hw_platform_0.
16:10:26 INFO  : Connected to target on host '127.0.0.1' and port '3121'.
16:10:28 INFO  : 'targets -set -filter {jtag_cable_name =~ "Digilent Zybo 210279759083A" && level==0} -index 1' command is executed.
16:10:30 INFO  : FPGA configured successfully with bitstream "C:/Zynq_Book/zynq_interrupts/zynq_interrupts.sdk/zynq_interrupt_system_wrapper_hw_platform_0/zynq_interrupt_system_wrapper.bit"
16:11:32 INFO  : 'targets -set -filter {jtag_cable_name =~ "Digilent Zybo 210279759083A" && level==0} -index 1' command is executed.
16:11:32 INFO  : 'fpga -state' command is executed.
16:11:32 INFO  : Connected to target on host '127.0.0.1' and port '3121'.
16:11:33 INFO  : Jtag cable 'Digilent Zybo 210279759083A' is selected.
16:11:33 INFO  : 'jtag frequency' command is executed.
16:11:33 INFO  : Sourcing of 'C:/Zynq_Book/zynq_interrupts/zynq_interrupts.sdk/zynq_interrupt_system_wrapper_hw_platform_0/ps7_init.tcl' is done.
16:11:33 INFO  : Context for 'APU' is selected.
16:11:33 INFO  : Hardware design information is loaded from 'C:/Zynq_Book/zynq_interrupts/zynq_interrupts.sdk/zynq_interrupt_system_wrapper_hw_platform_0/system.hdf'.
16:11:33 INFO  : 'configparams force-mem-access 1' command is executed.
16:11:33 INFO  : Context for 'APU' is selected.
16:11:33 INFO  : 'stop' command is executed.
16:11:35 INFO  : 'ps7_init' command is executed.
16:11:35 INFO  : 'ps7_post_config' command is executed.
16:11:35 INFO  : Context for processor 'ps7_cortexa9_0' is selected.
16:11:35 INFO  : Processor reset is completed for 'ps7_cortexa9_0'.
16:11:35 INFO  : Context for processor 'ps7_cortexa9_0' is selected.
16:11:35 INFO  : The application 'C:/Zynq_Book/zynq_interrupts/zynq_interrupts.sdk/interrupt_counter/Debug/interrupt_counter.elf' is downloaded to processor 'ps7_cortexa9_0'.
16:11:35 INFO  : 'configparams force-mem-access 0' command is executed.
16:11:35 INFO  : ----------------XSDB Script----------------
connect -url tcp:127.0.0.1:3121
source C:/Zynq_Book/zynq_interrupts/zynq_interrupts.sdk/zynq_interrupt_system_wrapper_hw_platform_0/ps7_init.tcl
targets -set -nocase -filter {name =~"APU*" && jtag_cable_name =~ "Digilent Zybo 210279759083A"} -index 0
loadhw -hw C:/Zynq_Book/zynq_interrupts/zynq_interrupts.sdk/zynq_interrupt_system_wrapper_hw_platform_0/system.hdf -mem-ranges [list {0x40000000 0xbfffffff}]
configparams force-mem-access 1
targets -set -nocase -filter {name =~"APU*" && jtag_cable_name =~ "Digilent Zybo 210279759083A"} -index 0
stop
ps7_init
ps7_post_config
targets -set -nocase -filter {name =~ "ARM*#0" && jtag_cable_name =~ "Digilent Zybo 210279759083A"} -index 0
rst -processor
targets -set -nocase -filter {name =~ "ARM*#0" && jtag_cable_name =~ "Digilent Zybo 210279759083A"} -index 0
dow C:/Zynq_Book/zynq_interrupts/zynq_interrupts.sdk/interrupt_counter/Debug/interrupt_counter.elf
configparams force-mem-access 0
----------------End of Script----------------

16:11:36 INFO  : Memory regions updated for context APU
16:11:36 INFO  : Context for processor 'ps7_cortexa9_0' is selected.
16:11:36 INFO  : 'con' command is executed.
16:11:36 INFO  : ----------------XSDB Script (After Launch)----------------
targets -set -nocase -filter {name =~ "ARM*#0" && jtag_cable_name =~ "Digilent Zybo 210279759083A"} -index 0
con
----------------End of Script----------------

16:11:36 INFO  : Launch script is exported to file 'C:\Zynq_Book\zynq_interrupts\zynq_interrupts.sdk\.sdk\launch_scripts\xilinx_c-c++_application_(system_debugger)\system_debugger_using_debug_interrupt_counter.elf_on_local.tcl'
16:17:07 INFO  : Disconnected from the channel tcfchan#1.
16:55:28 INFO  : Registering command handlers for SDK TCF services
16:55:29 INFO  : Launching XSCT server: xsct.bat -interactive C:\Zynq_Book\zynq_interrupts\zynq_interrupts.sdk\temp_xsdb_launch_script.tcl
16:55:33 INFO  : XSCT server has started successfully.
16:55:34 INFO  : Successfully done setting XSCT server connection channel  
16:55:34 INFO  : Successfully done setting SDK workspace  
16:55:34 INFO  : Processing command line option -hwspec C:/Zynq_Book/zynq_interrupts/zynq_interrupts.sdk/zynq_interrupt_system_wrapper.hdf.
16:55:34 INFO  : Checking for hwspec changes in the project zynq_interrupt_system_wrapper_hw_platform_0.
16:55:40 INFO  : SDK has detected change in the last modified timestamps for source hardware specification file Source:1600029287729,  Project:1600025543330
16:55:40 INFO  : The hardware specification for project 'zynq_interrupt_system_wrapper_hw_platform_0' is different from C:/Zynq_Book/zynq_interrupts/zynq_interrupts.sdk/zynq_interrupt_system_wrapper.hdf.
16:55:40 INFO  : Copied contents of C:/Zynq_Book/zynq_interrupts/zynq_interrupts.sdk/zynq_interrupt_system_wrapper.hdf into \zynq_interrupt_system_wrapper_hw_platform_0\system.hdf.
16:55:46 INFO  : Synchronizing projects in the workspace with the hardware platform specification changes.
16:55:49 INFO  : 
16:55:50 INFO  : Updating hardware inferred compiler options for interrupt_counter.
16:55:50 INFO  : Clearing existing target manager status.
17:03:44 INFO  : Connected to target on host '127.0.0.1' and port '3121'.
17:03:47 INFO  : 'targets -set -filter {jtag_cable_name =~ "Digilent Zybo 210279759083A" && level==0} -index 1' command is executed.
17:03:48 INFO  : FPGA configured successfully with bitstream "C:/Zynq_Book/zynq_interrupts/zynq_interrupts.sdk/zynq_interrupt_system_wrapper_hw_platform_0/zynq_interrupt_system_wrapper.bit"
17:04:16 INFO  : 'targets -set -filter {jtag_cable_name =~ "Digilent Zybo 210279759083A" && level==0} -index 1' command is executed.
17:04:16 INFO  : 'fpga -state' command is executed.
17:04:16 INFO  : Connected to target on host '127.0.0.1' and port '3121'.
17:04:16 INFO  : Jtag cable 'Digilent Zybo 210279759083A' is selected.
17:04:16 INFO  : 'jtag frequency' command is executed.
17:04:16 INFO  : Sourcing of 'C:/Zynq_Book/zynq_interrupts/zynq_interrupts.sdk/zynq_interrupt_system_wrapper_hw_platform_0/ps7_init.tcl' is done.
17:04:16 INFO  : Context for 'APU' is selected.
17:04:16 INFO  : Hardware design information is loaded from 'C:/Zynq_Book/zynq_interrupts/zynq_interrupts.sdk/zynq_interrupt_system_wrapper_hw_platform_0/system.hdf'.
17:04:16 INFO  : 'configparams force-mem-access 1' command is executed.
17:04:16 INFO  : Context for 'APU' is selected.
17:04:16 INFO  : 'stop' command is executed.
17:04:18 INFO  : 'ps7_init' command is executed.
17:04:18 INFO  : 'ps7_post_config' command is executed.
17:04:18 INFO  : Context for processor 'ps7_cortexa9_0' is selected.
17:04:18 INFO  : Processor reset is completed for 'ps7_cortexa9_0'.
17:04:18 INFO  : Context for processor 'ps7_cortexa9_0' is selected.
17:04:18 INFO  : The application 'C:/Zynq_Book/zynq_interrupts/zynq_interrupts.sdk/interrupt_counter/Debug/interrupt_counter.elf' is downloaded to processor 'ps7_cortexa9_0'.
17:04:18 INFO  : 'configparams force-mem-access 0' command is executed.
17:04:18 INFO  : ----------------XSDB Script----------------
connect -url tcp:127.0.0.1:3121
source C:/Zynq_Book/zynq_interrupts/zynq_interrupts.sdk/zynq_interrupt_system_wrapper_hw_platform_0/ps7_init.tcl
targets -set -nocase -filter {name =~"APU*" && jtag_cable_name =~ "Digilent Zybo 210279759083A"} -index 0
loadhw -hw C:/Zynq_Book/zynq_interrupts/zynq_interrupts.sdk/zynq_interrupt_system_wrapper_hw_platform_0/system.hdf -mem-ranges [list {0x40000000 0xbfffffff}]
configparams force-mem-access 1
targets -set -nocase -filter {name =~"APU*" && jtag_cable_name =~ "Digilent Zybo 210279759083A"} -index 0
stop
ps7_init
ps7_post_config
targets -set -nocase -filter {name =~ "ARM*#0" && jtag_cable_name =~ "Digilent Zybo 210279759083A"} -index 0
rst -processor
targets -set -nocase -filter {name =~ "ARM*#0" && jtag_cable_name =~ "Digilent Zybo 210279759083A"} -index 0
dow C:/Zynq_Book/zynq_interrupts/zynq_interrupts.sdk/interrupt_counter/Debug/interrupt_counter.elf
configparams force-mem-access 0
----------------End of Script----------------

17:04:18 INFO  : Memory regions updated for context APU
17:04:18 INFO  : Context for processor 'ps7_cortexa9_0' is selected.
17:04:19 INFO  : 'con' command is executed.
17:04:19 INFO  : ----------------XSDB Script (After Launch)----------------
targets -set -nocase -filter {name =~ "ARM*#0" && jtag_cable_name =~ "Digilent Zybo 210279759083A"} -index 0
con
----------------End of Script----------------

17:04:19 INFO  : Launch script is exported to file 'C:\Zynq_Book\zynq_interrupts\zynq_interrupts.sdk\.sdk\launch_scripts\xilinx_c-c++_application_(system_debugger)\system_debugger_using_debug_interrupt_counter.elf_on_local.tcl'
17:05:52 INFO  : Disconnected from the channel tcfchan#1.
13:50:10 INFO  : Launching XSCT server: xsct.bat -interactive C:\Zynq_Book\axi_timer_and_interrupts\axi_timer_and_interrupts.sdk\temp_xsdb_launch_script.tcl
13:50:13 INFO  : XSCT server has started successfully.
13:50:13 INFO  : Successfully done setting XSCT server connection channel  
13:50:14 INFO  : Successfully done setting SDK workspace  
13:50:23 INFO  : Registering command handlers for SDK TCF services
13:50:23 INFO  : Processing command line option -hwspec C:/Zynq_Book/axi_timer_and_interrupts/axi_timer_and_interrupts.sdk/zynq_interrupt_system_wrapper.hdf.
14:31:29 INFO  : Connected to target on host '127.0.0.1' and port '3121'.
14:31:32 INFO  : 'targets -set -filter {jtag_cable_name =~ "Digilent Zybo 210279759083A" && level==0} -index 1' command is executed.
14:31:33 INFO  : FPGA configured successfully with bitstream "C:/Zynq_Book/axi_timer_and_interrupts/axi_timer_and_interrupts.sdk/zynq_interrupt_system_wrapper_hw_platform_0/zynq_interrupt_system_wrapper.bit"
14:31:51 INFO  : 'targets -set -filter {jtag_cable_name =~ "Digilent Zybo 210279759083A" && level==0} -index 1' command is executed.
14:31:51 INFO  : 'fpga -state' command is executed.
14:31:51 INFO  : Connected to target on host '127.0.0.1' and port '3121'.
14:31:52 INFO  : Jtag cable 'Digilent Zybo 210279759083A' is selected.
14:31:52 INFO  : 'jtag frequency' command is executed.
14:31:52 INFO  : Sourcing of 'C:/Zynq_Book/axi_timer_and_interrupts/axi_timer_and_interrupts.sdk/zynq_interrupt_system_wrapper_hw_platform_0/ps7_init.tcl' is done.
14:31:52 INFO  : Context for 'APU' is selected.
14:31:52 INFO  : Hardware design information is loaded from 'C:/Zynq_Book/axi_timer_and_interrupts/axi_timer_and_interrupts.sdk/zynq_interrupt_system_wrapper_hw_platform_0/system.hdf'.
14:31:52 INFO  : 'configparams force-mem-access 1' command is executed.
14:31:52 INFO  : Context for 'APU' is selected.
14:31:52 INFO  : 'stop' command is executed.
14:31:53 INFO  : 'ps7_init' command is executed.
14:31:53 INFO  : 'ps7_post_config' command is executed.
14:31:53 INFO  : Context for processor 'ps7_cortexa9_0' is selected.
14:31:53 INFO  : Processor reset is completed for 'ps7_cortexa9_0'.
14:31:54 INFO  : Context for processor 'ps7_cortexa9_0' is selected.
14:31:54 INFO  : The application 'C:/Zynq_Book/axi_timer_and_interrupts/axi_timer_and_interrupts.sdk/interrupt_counter/Debug/interrupt_counter.elf' is downloaded to processor 'ps7_cortexa9_0'.
14:31:54 INFO  : 'configparams force-mem-access 0' command is executed.
14:31:54 INFO  : ----------------XSDB Script----------------
connect -url tcp:127.0.0.1:3121
source C:/Zynq_Book/axi_timer_and_interrupts/axi_timer_and_interrupts.sdk/zynq_interrupt_system_wrapper_hw_platform_0/ps7_init.tcl
targets -set -nocase -filter {name =~"APU*" && jtag_cable_name =~ "Digilent Zybo 210279759083A"} -index 0
loadhw -hw C:/Zynq_Book/axi_timer_and_interrupts/axi_timer_and_interrupts.sdk/zynq_interrupt_system_wrapper_hw_platform_0/system.hdf -mem-ranges [list {0x40000000 0xbfffffff}]
configparams force-mem-access 1
targets -set -nocase -filter {name =~"APU*" && jtag_cable_name =~ "Digilent Zybo 210279759083A"} -index 0
stop
ps7_init
ps7_post_config
targets -set -nocase -filter {name =~ "ARM*#0" && jtag_cable_name =~ "Digilent Zybo 210279759083A"} -index 0
rst -processor
targets -set -nocase -filter {name =~ "ARM*#0" && jtag_cable_name =~ "Digilent Zybo 210279759083A"} -index 0
dow C:/Zynq_Book/axi_timer_and_interrupts/axi_timer_and_interrupts.sdk/interrupt_counter/Debug/interrupt_counter.elf
configparams force-mem-access 0
----------------End of Script----------------

14:31:54 INFO  : Memory regions updated for context APU
14:31:55 INFO  : Context for processor 'ps7_cortexa9_0' is selected.
14:31:55 INFO  : 'con' command is executed.
14:31:55 INFO  : ----------------XSDB Script (After Launch)----------------
targets -set -nocase -filter {name =~ "ARM*#0" && jtag_cable_name =~ "Digilent Zybo 210279759083A"} -index 0
con
----------------End of Script----------------

14:31:55 INFO  : Launch script is exported to file 'C:\Zynq_Book\axi_timer_and_interrupts\axi_timer_and_interrupts.sdk\.sdk\launch_scripts\xilinx_c-c++_application_(system_debugger)\system_debugger_using_debug_interrupt_counter.elf_on_local.tcl'
23:17:17 INFO  : Disconnected from the channel tcfchan#1.
23:17:41 INFO  : Registering command handlers for SDK TCF services
23:17:42 INFO  : Launching XSCT server: xsct.bat -interactive C:\Zynq_Book\axi_timer_and_interrupts\axi_timer_and_interrupts.sdk\temp_xsdb_launch_script.tcl
23:17:47 INFO  : XSCT server has started successfully.
23:17:47 INFO  : Successfully done setting XSCT server connection channel  
23:17:47 INFO  : Successfully done setting SDK workspace  
23:17:47 INFO  : Processing command line option -hwspec C:/Zynq_Book/axi_timer_and_interrupts/axi_timer_and_interrupts.sdk/zynq_interrupt_system_wrapper.hdf.
23:17:47 INFO  : Checking for hwspec changes in the project zynq_interrupt_system_wrapper_hw_platform_1.
14:01:42 INFO  : Registering command handlers for SDK TCF services
14:01:44 INFO  : Launching XSCT server: xsct.bat -interactive C:\Zynq_Book\axi_timer_and_interrupts\axi_timer_and_interrupts.sdk\temp_xsdb_launch_script.tcl
14:01:50 INFO  : XSCT server has started successfully.
14:01:50 INFO  : Successfully done setting XSCT server connection channel  
14:01:51 INFO  : Successfully done setting SDK workspace  
14:01:51 INFO  : Processing command line option -hwspec C:/Zynq_Book/axi_timer_and_interrupts/axi_timer_and_interrupts.sdk/zynq_interrupt_system_3_gpios_wrapper.hdf.
14:02:03 INFO  : SDK has detected change in the last modified timestamps for source hardware specification file Source:1600882757097,  Project:1600029287000
14:02:03 INFO  : Project zynq_interrupt_system_wrapper_hw_platform_1's source hardware specification located at C:/Zynq_Book/axi_timer_and_interrupts/axi_timer_and_interrupts.sdk/zynq_interrupt_system_wrapper.hdf is now different from the local copy.
		 The local copy will be replaced with the source specification and your workspace will be updated.
14:02:59 INFO  : Project zynq_interrupt_system_wrapper_hw_platform_1's source hardware specification location will not be monitored anymore.
14:18:57 INFO  : Registering command handlers for SDK TCF services
14:18:58 INFO  : Launching XSCT server: xsct.bat -interactive C:\Zynq_Book\axi_timer_and_interrupts\axi_timer_and_interrupts.sdk\temp_xsdb_launch_script.tcl
14:19:05 INFO  : XSCT server has started successfully.
14:19:05 INFO  : Successfully done setting XSCT server connection channel  
14:19:06 INFO  : Successfully done setting SDK workspace  
14:19:06 INFO  : Processing command line option -hwspec C:/Zynq_Book/axi_timer_and_interrupts/axi_timer_and_interrupts.sdk/zynq_interrupt_system_3_gpios_wrapper.hdf.
14:19:06 INFO  : Checking for hwspec changes in the project zynq_interrupt_system_3_gpios_wrapper_hw_platform_0.
14:22:07 INFO  : Connected to target on host '127.0.0.1' and port '3121'.
14:22:09 INFO  : 'targets -set -filter {jtag_cable_name =~ "Digilent Zybo 210279759083A" && level==0} -index 1' command is executed.
14:22:10 INFO  : FPGA configured successfully with bitstream "C:/Zynq_Book/axi_timer_and_interrupts/axi_timer_and_interrupts.sdk/zynq_interrupt_system_3_gpios_wrapper_hw_platform_0/zynq_interrupt_system_3_gpios_wrapper.bit"
14:22:23 INFO  : 'targets -set -filter {jtag_cable_name =~ "Digilent Zybo 210279759083A" && level==0} -index 1' command is executed.
14:22:23 INFO  : 'fpga -state' command is executed.
14:22:23 INFO  : Connected to target on host '127.0.0.1' and port '3121'.
14:22:23 INFO  : Jtag cable 'Digilent Zybo 210279759083A' is selected.
14:22:23 INFO  : 'jtag frequency' command is executed.
14:22:23 INFO  : Sourcing of 'C:/Zynq_Book/axi_timer_and_interrupts/axi_timer_and_interrupts.sdk/zynq_interrupt_system_wrapper_hw_platform_0/ps7_init.tcl' is done.
14:22:23 INFO  : Context for 'APU' is selected.
14:22:23 INFO  : Hardware design information is loaded from 'C:/Zynq_Book/axi_timer_and_interrupts/axi_timer_and_interrupts.sdk/zynq_interrupt_system_wrapper_hw_platform_0/system.hdf'.
14:22:23 INFO  : 'configparams force-mem-access 1' command is executed.
14:22:24 INFO  : Context for 'APU' is selected.
14:22:24 INFO  : 'stop' command is executed.
14:22:25 INFO  : 'ps7_init' command is executed.
14:22:25 INFO  : 'ps7_post_config' command is executed.
14:22:25 INFO  : Context for processor 'ps7_cortexa9_0' is selected.
14:22:25 INFO  : Processor reset is completed for 'ps7_cortexa9_0'.
14:22:25 INFO  : Context for processor 'ps7_cortexa9_0' is selected.
14:22:25 INFO  : The application 'C:/Zynq_Book/axi_timer_and_interrupts/axi_timer_and_interrupts.sdk/interrupt_counter/Debug/interrupt_counter.elf' is downloaded to processor 'ps7_cortexa9_0'.
14:22:25 INFO  : 'configparams force-mem-access 0' command is executed.
14:22:25 INFO  : ----------------XSDB Script----------------
connect -url tcp:127.0.0.1:3121
source C:/Zynq_Book/axi_timer_and_interrupts/axi_timer_and_interrupts.sdk/zynq_interrupt_system_wrapper_hw_platform_0/ps7_init.tcl
targets -set -nocase -filter {name =~"APU*" && jtag_cable_name =~ "Digilent Zybo 210279759083A"} -index 0
loadhw -hw C:/Zynq_Book/axi_timer_and_interrupts/axi_timer_and_interrupts.sdk/zynq_interrupt_system_wrapper_hw_platform_0/system.hdf -mem-ranges [list {0x40000000 0xbfffffff}]
configparams force-mem-access 1
targets -set -nocase -filter {name =~"APU*" && jtag_cable_name =~ "Digilent Zybo 210279759083A"} -index 0
stop
ps7_init
ps7_post_config
targets -set -nocase -filter {name =~ "ARM*#0" && jtag_cable_name =~ "Digilent Zybo 210279759083A"} -index 0
rst -processor
targets -set -nocase -filter {name =~ "ARM*#0" && jtag_cable_name =~ "Digilent Zybo 210279759083A"} -index 0
dow C:/Zynq_Book/axi_timer_and_interrupts/axi_timer_and_interrupts.sdk/interrupt_counter/Debug/interrupt_counter.elf
configparams force-mem-access 0
----------------End of Script----------------

14:22:25 INFO  : Memory regions updated for context APU
14:22:26 INFO  : Context for processor 'ps7_cortexa9_0' is selected.
14:22:26 INFO  : 'con' command is executed.
14:22:26 INFO  : ----------------XSDB Script (After Launch)----------------
targets -set -nocase -filter {name =~ "ARM*#0" && jtag_cable_name =~ "Digilent Zybo 210279759083A"} -index 0
con
----------------End of Script----------------

14:22:26 INFO  : Launch script is exported to file 'C:\Zynq_Book\axi_timer_and_interrupts\axi_timer_and_interrupts.sdk\.sdk\launch_scripts\xilinx_c-c++_application_(system_debugger)\system_debugger_using_debug_interrupt_counter.elf_on_local.tcl'
